<?xml version="1.0" encoding="utf-8"?><testsuites name="pytest tests"><testsuite name="pytest" errors="0" failures="0" skipped="0" tests="26" time="2.964" timestamp="2026-03-24T02:07:42.006509+00:00" hostname="agent-env-107a0505-c90c-427a-b94d-0197ced82593"><testcase classname="backend.tests.test_shriramya_checkout_orders.TestHealthCheck" name="test_health_endpoint" time="0.362" /><testcase classname="backend.tests.test_shriramya_checkout_orders.TestAuthEndpoints" name="test_admin_login_success" time="0.083" /><testcase classname="backend.tests.test_shriramya_checkout_orders.TestAuthEndpoints" name="test_customer_login_success" time="0.074" /><testcase classname="backend.tests.test_shriramya_checkout_orders.TestAuthEndpoints" name="test_login_invalid_credentials" time="0.076" /><testcase classname="backend.tests.test_shriramya_checkout_orders.TestAuthEndpoints" name="test_customer_registration" time="0.078" /><testcase classname="backend.tests.test_shriramya_checkout_orders.TestAuthEndpoints" name="test_registration_duplicate_email" time="0.092" /><testcase classname="backend.tests.test_shriramya_checkout_orders.TestAuthEndpoints" name="test_auth_me_endpoint" time="0.162" /><testcase classname="backend.tests.test_shriramya_checkout_orders.TestAuthEndpoints" name="test_check_admin_endpoint" time="0.143" /><testcase classname="backend.tests.test_shriramya_checkout_orders.TestProductsAPI" name="test_get_products" time="0.069" /><testcase classname="backend.tests.test_shriramya_checkout_orders.TestProductsAPI" name="test_get_single_product" time="0.077" /><testcase classname="backend.tests.test_shriramya_checkout_orders.TestProductsAPI" name="test_product_filtering_by_size" time="0.080" /><testcase classname="backend.tests.test_shriramya_checkout_orders.TestCartAPI" name="test_get_cart" time="0.078" /><testcase classname="backend.tests.test_shriramya_checkout_orders.TestCartAPI" name="test_add_to_cart" time="0.084" /><testcase classname="backend.tests.test_shriramya_checkout_orders.TestCartAPI" name="test_cart_with_variant" time="0.069" /><testcase classname="backend.tests.test_shriramya_checkout_orders.TestOrdersAPI" name="test_create_order" time="0.074" /><testcase classname="backend.tests.test_shriramya_checkout_orders.TestOrdersAPI" name="test_create_order_empty_cart_fails" time="0.129" /><testcase classname="backend.tests.test_shriramya_checkout_orders.TestOrdersAPI" name="test_confirm_payment" time="0.146" /><testcase classname="backend.tests.test_shriramya_checkout_orders.TestOrdersAPI" name="test_get_my_orders" time="0.066" /><testcase classname="backend.tests.test_shriramya_checkout_orders.TestOrdersAPI" name="test_get_order_by_id" time="0.148" /><testcase classname="backend.tests.test_shriramya_checkout_orders.TestOrdersAPI" name="test_get_nonexistent_order_returns_404" time="0.097" /><testcase classname="backend.tests.test_shriramya_checkout_orders.TestOrdersAPI" name="test_order_tracking" time="0.142" /><testcase classname="backend.tests.test_shriramya_checkout_orders.TestCouponAPI" name="test_apply_valid_coupon" time="0.153" /><testcase classname="backend.tests.test_shriramya_checkout_orders.TestCouponAPI" name="test_apply_invalid_coupon" time="0.087" /><testcase classname="backend.tests.test_shriramya_checkout_orders.TestCategoriesAPI" name="test_get_categories" time="0.069" /><testcase classname="backend.tests.test_shriramya_checkout_orders.TestSearchAPI" name="test_search_products" time="0.070" /><testcase classname="backend.tests.test_shriramya_checkout_orders.TestSearchAPI" name="test_search_suggestions" time="0.068" /></testsuite></testsuites>