<?xml version="1.0" encoding="utf-8"?><testsuites name="pytest tests"><testsuite name="pytest" errors="0" failures="0" skipped="0" tests="32" time="5.678" timestamp="2026-03-24T01:28:32.779871+00:00" hostname="agent-env-107a0505-c90c-427a-b94d-0197ced82593"><testcase classname="backend.tests.test_shriramya_api.TestHealthCheck" name="test_health_endpoint" time="0.334" /><testcase classname="backend.tests.test_shriramya_api.TestAuthAPI" name="test_admin_login_success" time="0.140" /><testcase classname="backend.tests.test_shriramya_api.TestAuthAPI" name="test_login_invalid_credentials" time="0.123" /><testcase classname="backend.tests.test_shriramya_api.TestAuthAPI" name="test_auth_me_without_token" time="0.124" /><testcase classname="backend.tests.test_shriramya_api.TestAuthAPI" name="test_auth_me_with_token" time="0.277" /><testcase classname="backend.tests.test_shriramya_api.TestProductsAPI" name="test_get_all_products" time="0.130" /><testcase classname="backend.tests.test_shriramya_api.TestProductsAPI" name="test_products_have_real_images" time="0.133" /><testcase classname="backend.tests.test_shriramya_api.TestProductsAPI" name="test_products_pagination" time="0.132" /><testcase classname="backend.tests.test_shriramya_api.TestProductsAPI" name="test_products_filter_metadata" time="0.170" /><testcase classname="backend.tests.test_shriramya_api.TestProductsAPI" name="test_products_sort_options" time="0.135" /><testcase classname="backend.tests.test_shriramya_api.TestProductsAPI" name="test_get_single_product" time="0.141" /><testcase classname="backend.tests.test_shriramya_api.TestProductsAPI" name="test_product_not_found" time="0.131" /><testcase classname="backend.tests.test_shriramya_api.TestProductFiltering" name="test_filter_by_size" time="0.143" /><testcase classname="backend.tests.test_shriramya_api.TestProductFiltering" name="test_filter_by_color" time="0.140" /><testcase classname="backend.tests.test_shriramya_api.TestProductFiltering" name="test_filter_by_fabric" time="0.167" /><testcase classname="backend.tests.test_shriramya_api.TestProductFiltering" name="test_filter_by_occasion" time="0.156" /><testcase classname="backend.tests.test_shriramya_api.TestProductFiltering" name="test_filter_by_price_range" time="0.128" /><testcase classname="backend.tests.test_shriramya_api.TestProductFiltering" name="test_filter_by_discount" time="0.128" /><testcase classname="backend.tests.test_shriramya_api.TestProductFiltering" name="test_multiple_filters" time="0.127" /><testcase classname="backend.tests.test_shriramya_api.TestProductSorting" name="test_sort_by_price_low" time="0.135" /><testcase classname="backend.tests.test_shriramya_api.TestProductSorting" name="test_sort_by_price_high" time="0.139" /><testcase classname="backend.tests.test_shriramya_api.TestProductSorting" name="test_sort_by_discount" time="0.135" /><testcase classname="backend.tests.test_shriramya_api.TestCategoriesAPI" name="test_get_all_categories" time="0.130" /><testcase classname="backend.tests.test_shriramya_api.TestCategoriesAPI" name="test_get_category_by_id" time="0.118" /><testcase classname="backend.tests.test_shriramya_api.TestCartAPI" name="test_get_empty_cart" time="0.136" /><testcase classname="backend.tests.test_shriramya_api.TestCartAPI" name="test_add_to_cart" time="0.281" /><testcase classname="backend.tests.test_shriramya_api.TestCartAPI" name="test_cart_item_has_product_details" time="0.407" /><testcase classname="backend.tests.test_shriramya_api.TestCartAPI" name="test_update_cart_quantity" time="0.406" /><testcase classname="backend.tests.test_shriramya_api.TestCartAPI" name="test_remove_from_cart" time="0.253" /><testcase classname="backend.tests.test_shriramya_api.TestSearchAPI" name="test_search_products" time="0.144" /><testcase classname="backend.tests.test_shriramya_api.TestSearchAPI" name="test_search_suggestions" time="0.149" /><testcase classname="backend.tests.test_shriramya_api.TestRecommendationsAPI" name="test_product_recommendations" time="0.128" /></testsuite></testsuites>