<?xml version="1.0" encoding="utf-8"?><testsuites name="pytest tests"><testsuite name="pytest" errors="0" failures="1" skipped="0" tests="43" time="5.747" timestamp="2026-03-24T15:01:14.721381+00:00" hostname="agent-env-0ea8b81f-79ce-477c-a576-886e88874b0b"><testcase classname="backend.tests.test_mongodb_apis.TestHealthAndBasics" name="test_api_base_accessible" time="0.351" /><testcase classname="backend.tests.test_mongodb_apis.TestAuthentication" name="test_admin_login" time="0.136" /><testcase classname="backend.tests.test_mongodb_apis.TestAuthentication" name="test_customer_login" time="0.120" /><testcase classname="backend.tests.test_mongodb_apis.TestAuthentication" name="test_login_invalid_credentials" time="0.099" /><testcase classname="backend.tests.test_mongodb_apis.TestProducts" name="test_get_products_list" time="0.088" /><testcase classname="backend.tests.test_mongodb_apis.TestProducts" name="test_get_products_with_filters" time="0.098" /><testcase classname="backend.tests.test_mongodb_apis.TestProducts" name="test_get_featured_products" time="0.089" /><testcase classname="backend.tests.test_mongodb_apis.TestProducts" name="test_get_trending_products" time="0.096" /><testcase classname="backend.tests.test_mongodb_apis.TestProducts" name="test_get_new_arrivals" time="0.082" /><testcase classname="backend.tests.test_mongodb_apis.TestProducts" name="test_get_product_detail" time="0.087" /><testcase classname="backend.tests.test_mongodb_apis.TestProducts" name="test_get_product_not_found" time="0.097" /><testcase classname="backend.tests.test_mongodb_apis.TestCategories" name="test_get_categories" time="0.095" /><testcase classname="backend.tests.test_mongodb_apis.TestCart" name="test_add_to_cart" time="0.116" /><testcase classname="backend.tests.test_mongodb_apis.TestCart" name="test_get_cart" time="0.265" /><testcase classname="backend.tests.test_mongodb_apis.TestCart" name="test_update_cart_quantity" time="0.209" /><testcase classname="backend.tests.test_mongodb_apis.TestCart" name="test_remove_from_cart" time="0.177" /><testcase classname="backend.tests.test_mongodb_apis.TestCart" name="test_clear_cart" time="0.083" /><testcase classname="backend.tests.test_mongodb_apis.TestWishlist" name="test_add_to_wishlist" time="0.101" /><testcase classname="backend.tests.test_mongodb_apis.TestWishlist" name="test_add_to_wishlist_alias" time="0.198" /><testcase classname="backend.tests.test_mongodb_apis.TestWishlist" name="test_get_wishlist" time="0.079" /><testcase classname="backend.tests.test_mongodb_apis.TestWishlist" name="test_check_wishlist_item" time="0.088" /><testcase classname="backend.tests.test_mongodb_apis.TestWishlist" name="test_remove_from_wishlist" time="0.084" /><testcase classname="backend.tests.test_mongodb_apis.TestOrders" name="test_create_order" time="0.095" /><testcase classname="backend.tests.test_mongodb_apis.TestOrders" name="test_get_orders_list" time="0.081" /><testcase classname="backend.tests.test_mongodb_apis.TestOrders" name="test_get_my_orders" time="0.102" /><testcase classname="backend.tests.test_mongodb_apis.TestBlogs" name="test_get_blogs_list" time="0.646" /><testcase classname="backend.tests.test_mongodb_apis.TestBlogs" name="test_get_blog_categories" time="0.101" /><testcase classname="backend.tests.test_mongodb_apis.TestBlogs" name="test_get_blog_stats" time="0.089" /><testcase classname="backend.tests.test_mongodb_apis.TestBlogs" name="test_get_blog_by_slug" time="0.078" /><testcase classname="backend.tests.test_mongodb_apis.TestUserProfile" name="test_get_user_profile" time="0.203" /><testcase classname="backend.tests.test_mongodb_apis.TestUserProfile" name="test_update_user_profile" time="0.180" /><testcase classname="backend.tests.test_mongodb_apis.TestAdminOrders" name="test_get_admin_orders" time="0.098" /><testcase classname="backend.tests.test_mongodb_apis.TestAdminOrders" name="test_get_admin_orders_with_filter" time="0.112" /><testcase classname="backend.tests.test_mongodb_apis.TestAdminOrders" name="test_get_admin_orders_with_search" time="0.084" /><testcase classname="backend.tests.test_mongodb_apis.TestAdminAnalytics" name="test_get_analytics_overview" time="0.088"><failure message="assert 500 == 200&#10; +  where 500 = &lt;Response [500]&gt;.status_code">backend/tests/test_mongodb_apis.py:446: in test_get_analytics_overview
    assert response.status_code == 200
E   assert 500 == 200
E    +  where 500 = &lt;Response [500]&gt;.status_code</failure></testcase><testcase classname="backend.tests.test_mongodb_apis.TestAdminAnalytics" name="test_get_analytics_revenue" time="0.082" /><testcase classname="backend.tests.test_mongodb_apis.TestAdminAnalytics" name="test_get_analytics_sales" time="0.096" /><testcase classname="backend.tests.test_mongodb_apis.TestAdminAnalytics" name="test_get_analytics_products" time="0.091" /><testcase classname="backend.tests.test_mongodb_apis.TestSearch" name="test_search_products" time="0.089" /><testcase classname="backend.tests.test_mongodb_apis.TestSearch" name="test_search_empty_query" time="0.076" /><testcase classname="backend.tests.test_mongodb_apis.TestCoupons" name="test_validate_valid_coupon" time="0.091" /><testcase classname="backend.tests.test_mongodb_apis.TestCoupons" name="test_validate_invalid_coupon" time="0.077" /><testcase classname="backend.tests.test_mongodb_apis.TestRecommendations" name="test_get_recommendations" time="0.108" /></testsuite></testsuites>