<?xml version="1.0" encoding="utf-8"?><testsuites name="pytest tests"><testsuite name="pytest" errors="0" failures="0" skipped="0" tests="23" time="6.920" timestamp="2026-03-24T04:19:28.319138+00:00" hostname="agent-env-0ea8b81f-79ce-477c-a576-886e88874b0b"><testcase classname="backend.tests.test_shriramya_iteration3.TestHealthCheck" name="test_health_endpoint" time="0.265" /><testcase classname="backend.tests.test_shriramya_iteration3.TestAdminAuth" name="test_admin_login" time="0.125" /><testcase classname="backend.tests.test_shriramya_iteration3.TestAdminAuth" name="test_admin_check" time="0.296" /><testcase classname="backend.tests.test_shriramya_iteration3.TestAdminAnalytics" name="test_analytics_overview" time="0.248" /><testcase classname="backend.tests.test_shriramya_iteration3.TestAdminAnalytics" name="test_analytics_sales" time="0.261" /><testcase classname="backend.tests.test_shriramya_iteration3.TestAdminAnalytics" name="test_analytics_products" time="0.274" /><testcase classname="backend.tests.test_shriramya_iteration3.TestAdminAnalytics" name="test_analytics_revenue" time="0.249" /><testcase classname="backend.tests.test_shriramya_iteration3.TestAdminBlogs" name="test_get_blogs_list" time="0.305" /><testcase classname="backend.tests.test_shriramya_iteration3.TestAdminBlogs" name="test_get_blog_categories" time="0.264" /><testcase classname="backend.tests.test_shriramya_iteration3.TestAdminBlogs" name="test_get_blog_analytics" time="0.285" /><testcase classname="backend.tests.test_shriramya_iteration3.TestAdminBlogs" name="test_create_blog_post" time="0.256" /><testcase classname="backend.tests.test_shriramya_iteration3.TestAdminBlogs" name="test_get_blog_by_id" time="0.375" /><testcase classname="backend.tests.test_shriramya_iteration3.TestAdminBlogs" name="test_update_blog_post" time="0.379" /><testcase classname="backend.tests.test_shriramya_iteration3.TestAdminBlogs" name="test_publish_blog_post" time="0.375" /><testcase classname="backend.tests.test_shriramya_iteration3.TestAdminBlogs" name="test_archive_blog_post" time="0.515" /><testcase classname="backend.tests.test_shriramya_iteration3.TestAdminBlogs" name="test_delete_blog_post" time="0.497" /><testcase classname="backend.tests.test_shriramya_iteration3.TestAdminOrders" name="test_get_all_orders" time="0.270" /><testcase classname="backend.tests.test_shriramya_iteration3.TestAdminProducts" name="test_get_products" time="0.270" /><testcase classname="backend.tests.test_shriramya_iteration3.TestAdminProducts" name="test_get_product_by_id" time="0.265" /><testcase classname="backend.tests.test_shriramya_iteration3.TestCartAndAddToCart" name="test_add_to_cart_basic" time="0.256" /><testcase classname="backend.tests.test_shriramya_iteration3.TestCartAndAddToCart" name="test_add_to_cart_with_variant" time="0.258" /><testcase classname="backend.tests.test_shriramya_iteration3.TestRecentlyViewedPrerequisites" name="test_product_detail_endpoint" time="0.119" /><testcase classname="backend.tests.test_shriramya_iteration3.TestRecentlyViewedPrerequisites" name="test_multiple_products_for_recently_viewed" time="0.370" /></testsuite></testsuites>