<?xml version="1.0" encoding="utf-8"?><testsuites name="pytest tests"><testsuite name="pytest" errors="0" failures="0" skipped="0" tests="28" time="5.005" timestamp="2026-04-06T10:07:27.829281+00:00" hostname="agent-env-0ea8b81f-79ce-477c-a576-886e88874b0b"><testcase classname="backend.tests.test_shriramya_iteration6.TestAuthEndpoints" name="test_admin_login_success" time="0.274" /><testcase classname="backend.tests.test_shriramya_iteration6.TestAuthEndpoints" name="test_customer_login_success" time="0.151" /><testcase classname="backend.tests.test_shriramya_iteration6.TestAuthEndpoints" name="test_login_invalid_credentials" time="0.150" /><testcase classname="backend.tests.test_shriramya_iteration6.TestAuthEndpoints" name="test_check_admin_with_admin_token" time="0.257" /><testcase classname="backend.tests.test_shriramya_iteration6.TestAuthEndpoints" name="test_check_admin_with_customer_token" time="0.275" /><testcase classname="backend.tests.test_shriramya_iteration6.TestAuthEndpoints" name="test_check_admin_without_token" time="0.118" /><testcase classname="backend.tests.test_shriramya_iteration6.TestProductsEndpoints" name="test_get_products_list" time="0.124" /><testcase classname="backend.tests.test_shriramya_iteration6.TestProductsEndpoints" name="test_get_products_with_category_filter" time="0.126" /><testcase classname="backend.tests.test_shriramya_iteration6.TestProductsEndpoints" name="test_get_single_product" time="0.252" /><testcase classname="backend.tests.test_shriramya_iteration6.TestProductsEndpoints" name="test_get_featured_products" time="0.125" /><testcase classname="backend.tests.test_shriramya_iteration6.TestProductsEndpoints" name="test_get_trending_products" time="0.117" /><testcase classname="backend.tests.test_shriramya_iteration6.TestCategoriesEndpoints" name="test_get_all_categories" time="0.121" /><testcase classname="backend.tests.test_shriramya_iteration6.TestCategoriesEndpoints" name="test_get_category_by_slug" time="0.121" /><testcase classname="backend.tests.test_shriramya_iteration6.TestCartEndpoints" name="test_get_empty_cart" time="0.114" /><testcase classname="backend.tests.test_shriramya_iteration6.TestCartEndpoints" name="test_add_to_cart" time="0.249" /><testcase classname="backend.tests.test_shriramya_iteration6.TestCartEndpoints" name="test_clear_cart" time="0.116" /><testcase classname="backend.tests.test_shriramya_iteration6.TestWishlistEndpoints" name="test_get_wishlist" time="0.127" /><testcase classname="backend.tests.test_shriramya_iteration6.TestWishlistEndpoints" name="test_add_to_wishlist" time="0.254" /><testcase classname="backend.tests.test_shriramya_iteration6.TestBlogEndpoints" name="test_get_blogs" time="0.124" /><testcase classname="backend.tests.test_shriramya_iteration6.TestBlogEndpoints" name="test_get_blog_categories" time="0.121" /><testcase classname="backend.tests.test_shriramya_iteration6.TestAdminEndpoints" name="test_admin_analytics_overview" time="0.271" /><testcase classname="backend.tests.test_shriramya_iteration6.TestAdminEndpoints" name="test_admin_orders" time="0.258" /><testcase classname="backend.tests.test_shriramya_iteration6.TestAdminEndpoints" name="test_admin_warehouses" time="0.269" /><testcase classname="backend.tests.test_shriramya_iteration6.TestAdminEndpoints" name="test_admin_low_stock" time="0.263" /><testcase classname="backend.tests.test_shriramya_iteration6.TestOrdersEndpoints" name="test_get_my_orders" time="0.137" /><testcase classname="backend.tests.test_shriramya_iteration6.TestSearchEndpoints" name="test_search_products" time="0.124" /><testcase classname="backend.tests.test_shriramya_iteration6.TestCouponsEndpoints" name="test_validate_valid_coupon" time="0.118" /><testcase classname="backend.tests.test_shriramya_iteration6.TestCouponsEndpoints" name="test_validate_invalid_coupon" time="0.115" /></testsuite></testsuites>